2025-07-14 07:36:00 | WARN | repo=QLearning | action=commit
2025-09-25 16:34:00 | DEBUG | repo=QLearning | action=test | passed=true
2025-09-23 10:33:00 | DEBUG | repo=QLearning | action=commit
2025-09-09 17:33:00 | INFO | repo=QLearning | action=edit | files=5
2025-01-05 21:15:00 | WARN | repo=QLearning | action=commit
2025-08-16 14:29:00 | DEBUG | repo=QLearning | action=commit
2025-09-02 19:18:00 | INFO | repo=QLearning | action=commit
2025-07-17 19:53:00 | WARN | repo=QLearning | action=commit
2025-06-07 15:53:00 | INFO | repo=QLearning | action=edit | files=3
2025-01-17 10:09:00 | DEBUG | repo=QLearning | action=test | passed=true
2025-01-16 13:54:00 | DEBUG | repo=QLearning | action=commit
2025-09-24T10:08:00 | nonce=7302277915616654659
2025-05-22T13:55:00 | nonce=14559799563825310865
2025-07-05T12:07:00 | nonce=1598522715737767894
2025-02-26T09:32:00 | nonce=6066579572950125308
2025-10-12T20:40:00 | nonce=10269287334968175722
2025-10-19T16:10:00 | nonce=466529253650766816
2025-05-10T09:12:00 | nonce=11848528906611798603
2025-10-13T10:36:00 | nonce=10874729178064369174
2025-11-12T15:58:00 | nonce=2105789335019480236
2025-06-14T13:25:00 | nonce=5555329622860769079
